PIL.PngImagePlugin - DEBUG - STREAM b'IHDR' 16 13
PIL.PngImagePlugin - DEBUG - STREAM b'sBIT' 41 4
PIL.PngImagePlugin - DEBUG - b'sBIT' 41 4 (unknown)
PIL.PngImagePlugin - DEBUG - STREAM b'pHYs' 57 9
PIL.PngImagePlugin - DEBUG - STREAM b'tEXt' 78 22
PIL.PngImagePlugin - DEBUG - STREAM b'tEXt' 112 28
PIL.PngImagePlugin - DEBUG - STREAM b'prVW' 152 4073
PIL.PngImagePlugin - DEBUG - b'prVW' 152 4073 (unknown)
PIL.PngImagePlugin - DEBUG - STREAM b'mkBF' 4237 72
PIL.PngImagePlugin - DEBUG - b'mkBF' 4237 72 (unknown)
PIL.PngImagePlugin - DEBUG - STREAM b'mkTS' 4321 14663
PIL.PngImagePlugin - DEBUG - b'mkTS' 4321 14663 (unknown)
PIL.PngImagePlugin - DEBUG - STREAM b'mkBS' 18996 190
PIL.PngImagePlugin - DEBUG - b'mkBS' 18996 190 (unknown)
PIL.PngImagePlugin - DEBUG - STREAM b'mkBT' 19198 2741
PIL.PngImagePlugin - DEBUG - b'mkBT' 19198 2741 (unknown)
PIL.PngImagePlugin - DEBUG - STREAM b'mkBT' 21951 13701
PIL.PngImagePlugin - DEBUG - b'mkBT' 21951 13701 (unknown)
PIL.PngImagePlugin - DEBUG - STREAM b'mkBT' 35664 4931
PIL.PngImagePlugin - DEBUG - b'mkBT' 35664 4931 (unknown)
PIL.PngImagePlugin - DEBUG - STREAM b'mkBT' 40607 3799
PIL.PngImagePlugin - DEBUG - b'mkBT' 40607 3799 (unknown)
PIL.PngImagePlugin - DEBUG - STREAM b'mkBT' 44418 2929
PIL.PngImagePlugin - DEBUG - b'mkBT' 44418 2929 (unknown)
PIL.PngImagePlugin - DEBUG - STREAM b'mkBT' 47359 1145
PIL.PngImagePlugin - DEBUG - b'mkBT' 47359 1145 (unknown)
PIL.PngImagePlugin - DEBUG - STREAM b'mkBT' 48516 339
PIL.PngImagePlugin - DEBUG - b'mkBT' 48516 339 (unknown)
PIL.PngImagePlugin - DEBUG - STREAM b'mkBT' 48867 1750
PIL.PngImagePlugin - DEBUG - b'mkBT' 48867 1750 (unknown)
PIL.PngImagePlugin - DEBUG - STREAM b'mkBT' 50629 5441
PIL.PngImagePlugin - DEBUG - b'mkBT' 50629 5441 (unknown)
PIL.PngImagePlugin - DEBUG - STREAM b'mkBT' 56082 10775
PIL.PngImagePlugin - DEBUG - b'mkBT' 56082 10775 (unknown)
PIL.PngImagePlugin - DEBUG - STREAM b'mkBT' 66869 3589
PIL.PngImagePlugin - DEBUG - b'mkBT' 66869 3589 (unknown)
PIL.PngImagePlugin - DEBUG - STREAM b'iTXt' 70470 12824
PIL.PngImagePlugin - DEBUG - STREAM b'IDAT' 83306 8192
